./daily_wget.sh: line 2: data: command not found
 > Downloading "/latest" to "/home/pi/Projects/TimeCsv/data/_latest"... DONE
moving
./daily_wget.sh: line 2: data: command not found
Sun 23 Aug 12:22:17 IDT 2020
 > Downloading "/latest" to "/home/pi/Projects/TimeCsv/data/_latest"... DONE
moving
Mon 24 Aug 06:00:01 IDT 2020
 > Downloading "/latest" to "/home/pi/Projects/TimeCsv/data/_latest"... DONE
moving
Tue 25 Aug 06:00:01 IDT 2020
 > Downloading "/latest" to "/home/pi/Projects/TimeCsv/data/_latest"... DONE
moving
Tue 25 Aug 20:14:27 IDT 2020
> Skipping file "/latest", file exists with the same hash
moving
mv: cannot stat '/home/pi/Projects/TimeCsv/data/_latest': No such file or directory
Tue 25 Aug 20:35:26 IDT 2020
 > Downloading "/Projects/TimeCsv/data/2020_year_2_big_holiday.tcsv" to "/home/pi/Projects/TimeCsv/data/_latest"... DONE
moving
Wed 26 Aug 06:00:01 IDT 2020
 > Downloading "/Projects/TimeCsv/data/2020_year_2_big_holiday.tcsv" to "/home/pi/Projects/TimeCsv/data/_latest"... DONE
moving
